\BOOKMARK [1][-]{section.1}{\376\377\230\171\166\356\151\202\217\360}{}% 1
\BOOKMARK [2][-]{subsection.1.1}{\376\377\133\236\232\214\166\356\150\007}{section.1}% 2
\BOOKMARK [2][-]{subsection.1.2}{\376\377\133\214\142\020\140\305\121\265\140\073\211\310}{section.1}% 3
\BOOKMARK [2][-]{subsection.1.3}{\376\377\227\000\154\102\211\206\166\326\116\016\143\320\116\244\162\151\156\005\123\125}{section.1}% 4
\BOOKMARK [2][-]{subsection.1.4}{\376\377\152\041\127\127\116\016\122\006\135\345}{section.1}% 5
\BOOKMARK [1][-]{section.2}{\376\377\174\373\176\337\213\276\213\241}{}% 6
\BOOKMARK [2][-]{subsection.2.1}{\376\377\145\164\117\123\147\266\147\204}{section.2}% 7
\BOOKMARK [2][-]{subsection.2.2}{\376\377\136\224\165\050\134\102\000\040\000U\000D\000P\000\040\123\117\213\256}{section.2}% 8
\BOOKMARK [2][-]{subsection.2.3}{\376\377\123\357\227\140\117\040\217\223\116\016\206\132\142\337\224\376\215\357}{section.2}% 9
\BOOKMARK [1][-]{section.3}{\376\377\150\070\137\303\133\236\163\260}{}% 10
\BOOKMARK [2][-]{subsection.3.1}{\376\377\000A\000I\000M\000D\000\040\127\372\176\277}{section.3}% 11
\BOOKMARK [2][-]{subsection.3.2}{\376\377\000Q\000-\000L\000e\000a\000r\000n\000i\000n\000g\000\040\146\172\200\375\142\345\130\136\143\247\122\066}{section.3}% 12
\BOOKMARK [2][-]{subsection.3.3}{\376\377\000D\000Q\000N\000\040\142\151\134\125}{section.3}% 13
\BOOKMARK [1][-]{section.4}{\376\377\155\113\213\325\116\016\176\323\147\234}{}% 14
\BOOKMARK [2][-]{subsection.4.1}{\376\377\155\113\213\325\163\257\130\203\116\016\145\271\154\325}{section.4}% 15
\BOOKMARK [2][-]{subsection.4.2}{\376\377\176\323\147\234\122\006\147\220}{section.4}% 16
\BOOKMARK [1][-]{section.5}{\376\377\144\315\117\134\142\113\121\214}{}% 17
\BOOKMARK [2][-]{subsection.5.1}{\376\377\163\257\130\203\121\306\131\007}{section.5}% 18
\BOOKMARK [2][-]{subsection.5.2}{\376\377\217\320\210\114\145\271\137\017}{section.5}% 19
\BOOKMARK [1][-]{section.6}{\376\377\140\073\176\323}{}% 20
